2025-03-28T05:24:23.802+04:00  INFO 72542 --- [MealSub] [restartedMain] com.se.mealsub.MealSubApplication        : Starting MealSubApplication using Java 17.0.14 with PID 72542 (/Users/mimir/Code/MealSub/target/classes started by mimir in /Users/mimir/Code/MealSub)
2025-03-28T05:24:23.802+04:00 DEBUG 72542 --- [MealSub] [restartedMain] com.se.mealsub.MealSubApplication        : Running with Spring Boot v3.4.4, Spring v6.2.5
2025-03-28T05:24:23.802+04:00  INFO 72542 --- [MealSub] [restartedMain] com.se.mealsub.MealSubApplication        : No active profile set, falling back to 1 default profile: "default"
2025-03-28T05:24:23.804+04:00  INFO 72542 --- [MealSub] [restartedMain] .s.b.d.c.l.DockerComposeLifecycleManager : Using Docker Compose file /Users/mimir/Code/MealSub/compose.yaml
2025-03-28T05:24:24.263+04:00  INFO 72542 --- [MealSub] [restartedMain] .s.b.d.c.l.DockerComposeLifecycleManager : There are already Docker Compose services running, skipping startup
2025-03-28T05:24:24.317+04:00  INFO 72542 --- [MealSub] [restartedMain] .s.d.r.c.RepositoryConfigurationDelegate : Bootstrapping Spring Data JPA repositories in DEFAULT mode.
2025-03-28T05:24:24.318+04:00  INFO 72542 --- [MealSub] [restartedMain] .s.d.r.c.RepositoryConfigurationDelegate : Finished Spring Data repository scanning in 0 ms. Found 0 JPA repository interfaces.
2025-03-28T05:24:24.366+04:00  INFO 72542 --- [MealSub] [restartedMain] o.s.b.w.embedded.tomcat.TomcatWebServer  : Tomcat initialized with port 8080 (http)
2025-03-28T05:24:24.366+04:00  INFO 72542 --- [MealSub] [restartedMain] o.apache.catalina.core.StandardService   : Starting service [Tomcat]
2025-03-28T05:24:24.366+04:00  INFO 72542 --- [MealSub] [restartedMain] o.apache.catalina.core.StandardEngine    : Starting Servlet engine: [Apache Tomcat/10.1.39]
2025-03-28T05:24:24.371+04:00  INFO 72542 --- [MealSub] [restartedMain] o.a.c.c.C.[Tomcat].[localhost].[/]       : Initializing Spring embedded WebApplicationContext
2025-03-28T05:24:24.371+04:00  INFO 72542 --- [MealSub] [restartedMain] w.s.c.ServletWebServerApplicationContext : Root WebApplicationContext: initialization completed in 108 ms
2025-03-28T05:24:24.384+04:00  INFO 72542 --- [MealSub] [restartedMain] o.hibernate.jpa.internal.util.LogHelper  : HHH000204: Processing PersistenceUnitInfo [name: default]
2025-03-28T05:24:24.387+04:00  INFO 72542 --- [MealSub] [restartedMain] o.h.c.internal.RegionFactoryInitiator    : HHH000026: Second-level cache disabled
2025-03-28T05:24:24.391+04:00  INFO 72542 --- [MealSub] [restartedMain] o.s.o.j.p.SpringPersistenceUnitInfo      : No LoadTimeWeaver setup: ignoring JPA class transformer
2025-03-28T05:24:24.391+04:00  INFO 72542 --- [MealSub] [restartedMain] com.zaxxer.hikari.HikariDataSource       : HikariPool-4 - Starting...
2025-03-28T05:24:24.417+04:00  INFO 72542 --- [MealSub] [restartedMain] com.zaxxer.hikari.pool.HikariPool        : HikariPool-4 - Added connection org.postgresql.jdbc.PgConnection@78e2c2bc
2025-03-28T05:24:24.417+04:00  INFO 72542 --- [MealSub] [restartedMain] com.zaxxer.hikari.HikariDataSource       : HikariPool-4 - Start completed.
2025-03-28T05:24:24.421+04:00  INFO 72542 --- [MealSub] [restartedMain] org.hibernate.orm.connections.pooling    : HHH10001005: Database info:
	Database JDBC URL [Connecting through datasource 'HikariDataSource (HikariPool-4)']
	Database driver: undefined/unknown
	Database version: 17.4
	Autocommit mode: undefined/unknown
	Isolation level: undefined/unknown
	Minimum pool size: undefined/unknown
	Maximum pool size: undefined/unknown
2025-03-28T05:24:24.430+04:00  INFO 72542 --- [MealSub] [restartedMain] o.h.e.t.j.p.i.JtaPlatformInitiator       : HHH000489: No JTA platform available (set 'hibernate.transaction.jta.platform' to enable JTA platform integration)
2025-03-28T05:24:24.431+04:00  INFO 72542 --- [MealSub] [restartedMain] j.LocalContainerEntityManagerFactoryBean : Initialized JPA EntityManagerFactory for persistence unit 'default'
2025-03-28T05:24:24.441+04:00  WARN 72542 --- [MealSub] [restartedMain] JpaBaseConfiguration$JpaWebConfiguration : spring.jpa.open-in-view is enabled by default. Therefore, database queries may be performed during view rendering. Explicitly configure spring.jpa.open-in-view to disable this warning
2025-03-28T05:24:24.504+04:00  WARN 72542 --- [MealSub] [restartedMain] o.s.b.d.a.OptionalLiveReloadServer       : Unable to start LiveReload server
2025-03-28T05:24:24.510+04:00  INFO 72542 --- [MealSub] [restartedMain] o.s.b.w.embedded.tomcat.TomcatWebServer  : Tomcat started on port 8080 (http) with context path '/'
2025-03-28T05:24:24.513+04:00  INFO 72542 --- [MealSub] [restartedMain] com.se.mealsub.MealSubApplication        : Started MealSubApplication in 0.733 seconds (process running for 274.798)
2025-03-28T05:24:24.514+04:00  INFO 72542 --- [MealSub] [restartedMain] .ConditionEvaluationDeltaLoggingListener : Condition evaluation unchanged
2025-03-28T05:24:26.256+04:00  INFO 72542 --- [MealSub] [SpringApplicationShutdownHook] o.s.b.w.e.tomcat.GracefulShutdown        : Commencing graceful shutdown. Waiting for active requests to complete
2025-03-28T05:24:26.258+04:00  INFO 72542 --- [MealSub] [tomcat-shutdown] o.s.b.w.e.tomcat.GracefulShutdown        : Graceful shutdown complete
2025-03-28T05:24:26.260+04:00  INFO 72542 --- [MealSub] [SpringApplicationShutdownHook] j.LocalContainerEntityManagerFactoryBean : Closing JPA EntityManagerFactory for persistence unit 'default'
2025-03-28T05:24:26.262+04:00  INFO 72542 --- [MealSub] [SpringApplicationShutdownHook] com.zaxxer.hikari.HikariDataSource       : HikariPool-4 - Shutdown initiated...
2025-03-28T05:24:26.263+04:00  INFO 72542 --- [MealSub] [SpringApplicationShutdownHook] com.zaxxer.hikari.HikariDataSource       : HikariPool-4 - Shutdown completed.
